<?xml version="1.0" encoding="UTF-8"?>
<testsuite name="com.example.thereeldeal.ThereeldealApplicationTests" tests="1" skipped="0" failures="0" errors="0" timestamp="2024-12-12T06:05:48" hostname="RENGGANAKURNIAW" time="1.157">
  <properties/>
  <testcase name="contextLoads()" classname="com.example.thereeldeal.ThereeldealApplicationTests" time="1.157"/>
  <system-out><![CDATA[13:05:41.572 [Test worker] INFO org.springframework.test.context.support.AnnotationConfigContextLoaderUtils -- Could not detect default configuration classes for test class [com.example.thereeldeal.ThereeldealApplicationTests]: ThereeldealApplicationTests does not declare any static, non-private, non-final, nested classes annotated with @Configuration.
13:05:41.732 [Test worker] INFO org.springframework.boot.test.context.SpringBootTestContextBootstrapper -- Found @SpringBootConfiguration com.example.thereeldeal.ThereeldealApplication for test class com.example.thereeldeal.ThereeldealApplicationTests

  .   ____          _            __ _ _
 /\\ / ___'_ __ _ _(_)_ __  __ _ \ \ \ \
( ( )\___ | '_ | '_| | '_ \/ _` | \ \ \ \
 \\/  ___)| |_)| | | | | || (_| |  ) ) ) )
  '  |____| .__|_| |_|_| |_\__, | / / / /
 =========|_|==============|___/=/_/_/_/

 :: Spring Boot ::                (v3.4.0)

2024-12-12T13:05:42.510+07:00  INFO 19184 --- [thereeldeal] [    Test worker] c.e.t.ThereeldealApplicationTests        : Starting ThereeldealApplicationTests using Java 21.0.5 with PID 19184 (started by Renggana in D:\TubesPbw\TubesPBW\thereeldeal)
2024-12-12T13:05:42.514+07:00  INFO 19184 --- [thereeldeal] [    Test worker] c.e.t.ThereeldealApplicationTests        : No active profile set, falling back to 1 default profile: "default"
2024-12-12T13:05:44.259+07:00  INFO 19184 --- [thereeldeal] [    Test worker] .s.d.r.c.RepositoryConfigurationDelegate : Bootstrapping Spring Data JPA repositories in DEFAULT mode.
2024-12-12T13:05:44.355+07:00  INFO 19184 --- [thereeldeal] [    Test worker] .s.d.r.c.RepositoryConfigurationDelegate : Finished Spring Data repository scanning in 63 ms. Found 0 JPA repository interfaces.
2024-12-12T13:05:45.605+07:00  INFO 19184 --- [thereeldeal] [    Test worker] o.hibernate.jpa.internal.util.LogHelper  : HHH000204: Processing PersistenceUnitInfo [name: default]
2024-12-12T13:05:45.739+07:00  INFO 19184 --- [thereeldeal] [    Test worker] org.hibernate.Version                    : HHH000412: Hibernate ORM core version 6.6.2.Final
2024-12-12T13:05:45.804+07:00  INFO 19184 --- [thereeldeal] [    Test worker] o.h.c.internal.RegionFactoryInitiator    : HHH000026: Second-level cache disabled
2024-12-12T13:05:46.146+07:00  INFO 19184 --- [thereeldeal] [    Test worker] o.s.o.j.p.SpringPersistenceUnitInfo      : No LoadTimeWeaver setup: ignoring JPA class transformer
2024-12-12T13:05:46.301+07:00  INFO 19184 --- [thereeldeal] [    Test worker] org.hibernate.orm.connections.pooling    : HHH10001005: Database info:
	Database JDBC URL [Connecting through datasource 'org.springframework.jdbc.datasource.DriverManagerDataSource@6d0e45a5']
	Database driver: undefined/unknown
	Database version: 17.0
	Autocommit mode: undefined/unknown
	Isolation level: undefined/unknown
	Minimum pool size: undefined/unknown
	Maximum pool size: undefined/unknown
2024-12-12T13:05:46.692+07:00  INFO 19184 --- [thereeldeal] [    Test worker] o.h.e.t.j.p.i.JtaPlatformInitiator       : HHH000489: No JTA platform available (set 'hibernate.transaction.jta.platform' to enable JTA platform integration)
2024-12-12T13:05:46.693+07:00  INFO 19184 --- [thereeldeal] [    Test worker] j.LocalContainerEntityManagerFactoryBean : Initialized JPA EntityManagerFactory for persistence unit 'default'
2024-12-12T13:05:46.914+07:00  WARN 19184 --- [thereeldeal] [    Test worker] JpaBaseConfiguration$JpaWebConfiguration : spring.jpa.open-in-view is enabled by default. Therefore, database queries may be performed during view rendering. Explicitly configure spring.jpa.open-in-view to disable this warning
2024-12-12T13:05:48.243+07:00  INFO 19184 --- [thereeldeal] [    Test worker] c.e.t.ThereeldealApplicationTests        : Started ThereeldealApplicationTests in 6.181 seconds (process running for 7.949)
]]></system-out>
  <system-err><![CDATA[Mockito is currently self-attaching to enable the inline-mock-maker. This will no longer work in future releases of the JDK. Please add Mockito as an agent to your build what is described in Mockito's documentation: https://javadoc.io/doc/org.mockito/mockito-core/latest/org/mockito/Mockito.html#0.3
WARNING: A Java agent has been loaded dynamically (C:\Users\Renggana\.gradle\caches\modules-2\files-2.1\net.bytebuddy\byte-buddy-agent\1.15.10\e8eb255b2c378b9a6c7341e7b0e12f0a5636377\byte-buddy-agent-1.15.10.jar)
WARNING: If a serviceability tool is in use, please run with -XX:+EnableDynamicAgentLoading to hide this warning
WARNING: If a serviceability tool is not in use, please run with -Djdk.instrument.traceUsage for more information
WARNING: Dynamic loading of agents will be disallowed by default in a future release
]]></system-err>
</testsuite>
